Сборка начата 17.10.2024 23:16:01.
Уровень детализации журнала: Normal.     1>Проект "C:\Users\леха\Desktop\3sem\лабы\aisd\lab4\lab4\lab4.vcxproj" в узле 2 (целевые объекты Build).
     1>PrepareForBuild:
         Структурированный вывод включен. Форматирование диагностики компилятора будет отражать иерархию ошибок. Подробнее см. https://aka.ms/cpp/structured-output.
         Создание каталога "C:\Users\леха\Desktop\3sem\лабы\aisd\lab4\x64\Debug\".
         Создание каталога "x64\Debug\lab4.tlog\".
       InitializeBuildStatus:
         Создание "x64\Debug\lab4.tlog\unsuccessfulbuild", так как было задано "AlwaysCreate".
         Обращение к "x64\Debug\lab4.tlog\unsuccessfulbuild".
       ClCompile:
         C:\Program Files\Microsoft Visual Studio\2022\Community\VC\Tools\MSVC\14.40.33807\bin\HostX64\x64\CL.exe /c /ZI /JMC /nologo /W3 /WX- /diagnostics:column /sdl /Od /D _DEBUG /D _CONSOLE /D _UNICODE /D UNICODE /Gm- /EHsc /RTC1 /MDd /GS /fp:precise /Zc:wchar_t /Zc:forScope /Zc:inline /permissive- /Fo"x64\Debug\\" /Fd"x64\Debug\vc143.pdb" /external:W3 /Gd /TP /FC /errorReport:prompt lab4.cpp
         lab4.cpp
       Link:
         C:\Program Files\Microsoft Visual Studio\2022\Community\VC\Tools\MSVC\14.40.33807\bin\HostX64\x64\link.exe /ERRORREPORT:PROMPT /OUT:"C:\Users\леха\Desktop\3sem\лабы\aisd\lab4\x64\Debug\lab4.exe" /INCREMENTAL /ILK:"x64\Debug\lab4.ilk" /NOLOGO kernel32.lib user32.lib gdi32.lib winspool.lib comdlg32.lib advapi32.lib shell32.lib ole32.lib oleaut32.lib uuid.lib odbc32.lib odbccp32.lib /MANIFEST /MANIFESTUAC:"level='asInvoker' uiAccess='false'" /manifest:embed /DEBUG /PDB:"C:\Users\леха\Desktop\3sem\лабы\aisd\lab4\x64\Debug\lab4.pdb" /SUBSYSTEM:CONSOLE /TLBID:1 /DYNAMICBASE /NXCOMPAT /IMPLIB:"C:\Users\леха\Desktop\3sem\лабы\aisd\lab4\x64\Debug\lab4.lib" /MACHINE:X64 x64\Debug\lab4.obj
         lab4.vcxproj -> C:\Users\леха\Desktop\3sem\лабы\aisd\lab4\x64\Debug\lab4.exe
       FinalizeBuildStatus:
         Файл "x64\Debug\lab4.tlog\unsuccessfulbuild" удаляется.
         Обращение к "x64\Debug\lab4.tlog\lab4.lastbuildstate".
     1>Сборка проекта "C:\Users\леха\Desktop\3sem\лабы\aisd\lab4\lab4\lab4.vcxproj" завершена (целевые объекты Build).

Сборка успешно завершена.
    Предупреждений: 0
    Ошибок: 0

Прошло времени 00:00:01.74
