Сборка начата 13.02.2025 22:52:58.
Уровень детализации журнала: Normal.     1>Проект "C:\Users\леха\Desktop\2 курс\4sem\лабы\матпрог\lab1\lab1\lab1.vcxproj" в узле 2 (целевые объекты Build).
     1>PrepareForBuild:
         Структурированный вывод включен. Форматирование диагностики компилятора будет отражать иерархию ошибок. Подробнее см. https://aka.ms/cpp/structured-output.
         Создание каталога "C:\Users\леха\Desktop\2 курс\4sem\лабы\матпрог\lab1\Release\".
         Создание каталога "Release\lab1.tlog\".
       InitializeBuildStatus:
         Создание "Release\lab1.tlog\unsuccessfulbuild", так как было задано "AlwaysCreate".
         Обращение к "Release\lab1.tlog\unsuccessfulbuild".
       ClCompile:
         C:\Program Files\Microsoft Visual Studio\2022\Community\VC\Tools\MSVC\14.40.33807\bin\HostX86\x86\CL.exe /c /Zi /nologo /W3 /WX- /diagnostics:column /sdl /O2 /Oi /Oy- /GL /D WIN32 /D NDEBUG /D _CONSOLE /D _UNICODE /D UNICODE /Gm- /EHsc /MD /GS /Gy /fp:precise /Zc:wchar_t /Zc:forScope /Zc:inline /permissive- /Fo"Release\\" /Fd"Release\vc143.pdb" /external:W3 /Gd /TP /analyze- /FC /errorReport:prompt auxil.cpp lab1.cpp
         auxil.cpp
         lab1.cpp
       Link:
         C:\Program Files\Microsoft Visual Studio\2022\Community\VC\Tools\MSVC\14.40.33807\bin\HostX86\x86\link.exe /ERRORREPORT:PROMPT /OUT:"C:\Users\леха\Desktop\2 курс\4sem\лабы\матпрог\lab1\Release\lab1.exe" /NOLOGO kernel32.lib user32.lib gdi32.lib winspool.lib comdlg32.lib advapi32.lib shell32.lib ole32.lib oleaut32.lib uuid.lib odbc32.lib odbccp32.lib /MANIFEST /MANIFESTUAC:"level='asInvoker' uiAccess='false'" /manifest:embed /DEBUG /PDB:"C:\Users\леха\Desktop\2 курс\4sem\лабы\матпрог\lab1\Release\lab1.pdb" /SUBSYSTEM:CONSOLE /OPT:REF /OPT:ICF /LTCG:incremental /LTCGOUT:"Release\lab1.iobj" /TLBID:1 /DYNAMICBASE /NXCOMPAT /IMPLIB:"C:\Users\леха\Desktop\2 курс\4sem\лабы\матпрог\lab1\Release\lab1.lib" /MACHINE:X86 /SAFESEH Release\auxil.obj
         Release\lab1.obj
     1>MSVCRT.lib(exe_main.obj) : error LNK2001: неразрешенный внешний символ _main.
     1>C:\Users\леха\Desktop\2 курс\4sem\лабы\матпрог\lab1\Release\lab1.exe : fatal error LNK1120: неразрешенных внешних элементов: 1
     1>Сборка проекта "C:\Users\леха\Desktop\2 курс\4sem\лабы\матпрог\lab1\lab1\lab1.vcxproj" завершена (целевые объекты Build) с ошибкой.

Ошибка сборки.

       "C:\Users\леха\Desktop\2 курс\4sem\лабы\матпрог\lab1\lab1\lab1.vcxproj" (целевой объект Build ) (1) ->
       (Целевой объект Link) -> 
         MSVCRT.lib(exe_main.obj) : error LNK2001: неразрешенный внешний символ _main.
         C:\Users\леха\Desktop\2 курс\4sem\лабы\матпрог\lab1\Release\lab1.exe : fatal error LNK1120: неразрешенных внешних элементов: 1

    Предупреждений: 0
    Ошибок: 2

Прошло времени 00:00:01.39
