Сборка начата 06.03.2025 16:48:58.
Уровень детализации журнала: Normal.     1>Проект "C:\Users\леха\Desktop\2 курс\4sem\лабы\матпрог\lab4\task3\task3.vcxproj" в узле 2 (целевые объекты Build).
     1>PrepareForBuild:
         Структурированный вывод включен. Форматирование диагностики компилятора будет отражать иерархию ошибок. Подробнее см. https://aka.ms/cpp/structured-output.
         Создание каталога "Debug\task3.tlog\".
       InitializeBuildStatus:
         Создание "Debug\task3.tlog\unsuccessfulbuild", так как было задано "AlwaysCreate".
         Обращение к "Debug\task3.tlog\unsuccessfulbuild".
       ClCompile:
         C:\Program Files\Microsoft Visual Studio\2022\Community\VC\Tools\MSVC\14.40.33807\bin\HostX86\x86\CL.exe /c /ZI /JMC /nologo /W3 /WX- /diagnostics:column /sdl /Od /Oy- /D WIN32 /D _DEBUG /D _CONSOLE /D _UNICODE /D UNICODE /Gm- /EHsc /RTC1 /MDd /GS /fp:precise /Zc:wchar_t /Zc:forScope /Zc:inline /permissive- /Fo"Debug\\" /Fd"Debug\vc143.pdb" /external:W3 /Gd /TP /analyze- /FC /errorReport:prompt lcs.cpp main.cpp
         lcs.cpp
         main.cpp
     1>C:\Users\леха\Desktop\2 курс\4sem\лабы\матпрог\lab4\task3\lcs.cpp(39,6): warning C4101: n: неиспользованная локальная переменная
         Создание кода...
       Link:
         C:\Program Files\Microsoft Visual Studio\2022\Community\VC\Tools\MSVC\14.40.33807\bin\HostX86\x86\link.exe /ERRORREPORT:PROMPT /OUT:"C:\Users\леха\Desktop\2 курс\4sem\лабы\матпрог\lab4\Debug\task3.exe" /INCREMENTAL /ILK:"Debug\task3.ilk" /NOLOGO kernel32.lib user32.lib gdi32.lib winspool.lib comdlg32.lib advapi32.lib shell32.lib ole32.lib oleaut32.lib uuid.lib odbc32.lib odbccp32.lib /MANIFEST /MANIFESTUAC:"level='asInvoker' uiAccess='false'" /manifest:embed /DEBUG /PDB:"C:\Users\леха\Desktop\2 курс\4sem\лабы\матпрог\lab4\Debug\task3.pdb" /SUBSYSTEM:CONSOLE /TLBID:1 /DYNAMICBASE /NXCOMPAT /IMPLIB:"C:\Users\леха\Desktop\2 курс\4sem\лабы\матпрог\lab4\Debug\task3.lib" /MACHINE:X86 Debug\lcs.obj
         Debug\main.obj
         task3.vcxproj -> C:\Users\леха\Desktop\2 курс\4sem\лабы\матпрог\lab4\Debug\task3.exe
       FinalizeBuildStatus:
         Файл "Debug\task3.tlog\unsuccessfulbuild" удаляется.
         Обращение к "Debug\task3.tlog\task3.lastbuildstate".
     1>Сборка проекта "C:\Users\леха\Desktop\2 курс\4sem\лабы\матпрог\lab4\task3\task3.vcxproj" завершена (целевые объекты Build).

Сборка успешно завершена.

       "C:\Users\леха\Desktop\2 курс\4sem\лабы\матпрог\lab4\task3\task3.vcxproj" (целевой объект Build ) (1) ->
       (Целевой объект ClCompile) -> 
         C:\Users\леха\Desktop\2 курс\4sem\лабы\матпрог\lab4\task3\lcs.cpp(39,6): warning C4101: n: неиспользованная локальная переменная

    Предупреждений: 1
    Ошибок: 0

Прошло времени 00:00:01.80
