Сборка начата 28.11.2024 16:43:29.
Уровень детализации журнала: Normal.     1>Проект "C:\Users\леха\Desktop\3sem\лабы\kpo\asm1\3\3.vcxproj" в узле 2 (целевые объекты Build).
     1>PrepareForBuild:
         Структурированный вывод включен. Форматирование диагностики компилятора будет отражать иерархию ошибок. Подробнее см. https://aka.ms/cpp/structured-output.
       InitializeBuildStatus:
         Создание "Debug\3.tlog\unsuccessfulbuild", так как было задано "AlwaysCreate".
         Обращение к "Debug\3.tlog\unsuccessfulbuild".
       _MASM:
         Assembling main.asm...
         cmd.exe /C "C:\Users\леха\AppData\Local\Temp\tmp505d6917144040db9517ced773e691d6.cmd"
         ml.exe /c /nologo /Zi /Fo"Debug\main.obj" /W3 /errorReport:prompt  /Tamain.asm
       Link:
         C:\Program Files\Microsoft Visual Studio\2022\Community\VC\Tools\MSVC\14.40.33807\bin\HostX86\x86\link.exe /ERRORREPORT:PROMPT /OUT:"C:\Users\леха\Desktop\3sem\лабы\kpo\asm1\Debug\3.exe" /INCREMENTAL /ILK:"Debug\3.ilk" /NOLOGO kernel32.lib user32.lib gdi32.lib winspool.lib comdlg32.lib advapi32.lib shell32.lib ole32.lib oleaut32.lib uuid.lib odbc32.lib odbccp32.lib /MANIFEST /MANIFESTUAC:"level='asInvoker' uiAccess='false'" /manifest:embed /DEBUG /PDB:"C:\Users\леха\Desktop\3sem\лабы\kpo\asm1\Debug\3.pdb" /SUBSYSTEM:CONSOLE /TLBID:1 /DYNAMICBASE /NXCOMPAT /IMPLIB:"C:\Users\леха\Desktop\3sem\лабы\kpo\asm1\Debug\3.lib" /MACHINE:X86 Debug\main.obj
         3.vcxproj -> C:\Users\леха\Desktop\3sem\лабы\kpo\asm1\Debug\3.exe
       FinalizeBuildStatus:
         Файл "Debug\3.tlog\unsuccessfulbuild" удаляется.
         Обращение к "Debug\3.tlog\3.lastbuildstate".
     1>Сборка проекта "C:\Users\леха\Desktop\3sem\лабы\kpo\asm1\3\3.vcxproj" завершена (целевые объекты Build).

Сборка успешно завершена.
    Предупреждений: 0
    Ошибок: 0

Прошло времени 00:00:00.84
