Microsoft (R) Macro Assembler Version 14.40.33813.0	    11/20/24 18:34:24
main.asm						     Page 1 - 1


				.586P
				.MODEL FLAT, STDCALL
				includelib kernel32.lib

				ExitProcess PROTO : DWORD
				MessageBoxA PROTO : DWORD, : DWORD, : DWORD, : DWORD ;прототип функции messagebox

				.STACK 4096

 00000000			.CONST

 00000000			.DATA
 = 00000000			MB_OK EQU 0
 00000000 EC EE FF 20 EF	STR1 DB "мо€ последн€€ программа",0
	   EE F1 EB E5 E4
	   ED FF FF 20 EF
	   F0 EE E3 F0 E0
	   EC EC E0 00
 00000018 EF F0 E8 E2 E5	STR2 DB "привет всем!",0
	   F2 20 E2 F1 E5
	   EC 21 00
 00000025 00000000		HW DD ?

 00000000			.CODE 

 00000000			main PROC
 00000000			START : 
				INVOKE MessageBoxA, HW, OFFSET STR2, OFFSET STR1, MB_OK


 00000017  6A 0D		push 13
 00000019  E8 00000000 E	call ExitProcess
 0000001E			main ENDP

				end main
Microsoft (R) Macro Assembler Version 14.40.33813.0	    11/20/24 18:34:24
main.asm						     Symbols 2 - 1




Segments and Groups:

                N a m e                 Size     Length   Align   Combine Class

CONST  . . . . . . . . . . . . .	32 Bit	 00000000 Para	  Public  'CONST'	 ReadOnly
FLAT . . . . . . . . . . . . . .	GROUP
STACK  . . . . . . . . . . . . .	32 Bit	 00001000 Para	  Stack	  'STACK'	 
_DATA  . . . . . . . . . . . . .	32 Bit	 00000029 Para	  Public  'DATA'	
_TEXT  . . . . . . . . . . . . .	32 Bit	 0000001E Para	  Public  'CODE'	


Procedures, parameters, and locals:

                N a m e                 Type     Value    Attr

ExitProcess  . . . . . . . . . .	P Near	 00000000 FLAT	Length= 00000000 External STDCALL
MessageBoxA  . . . . . . . . . .	P Near	 00000000 FLAT	Length= 00000000 External STDCALL
main . . . . . . . . . . . . . .	P Near	 00000000 _TEXT	Length= 0000001E Public STDCALL
  START  . . . . . . . . . . . .	L Near	 00000000 _TEXT	


Symbols:

                N a m e                 Type     Value    Attr

@CodeSize  . . . . . . . . . . .	Number	 00000000h   
@DataSize  . . . . . . . . . . .	Number	 00000000h   
@Interface . . . . . . . . . . .	Number	 00000003h   
@Model . . . . . . . . . . . . .	Number	 00000007h   
@code  . . . . . . . . . . . . .	Text   	 _TEXT
@data  . . . . . . . . . . . . .	Text   	 FLAT
@fardata?  . . . . . . . . . . .	Text   	 FLAT
@fardata . . . . . . . . . . . .	Text   	 FLAT
@stack . . . . . . . . . . . . .	Text   	 FLAT
HW . . . . . . . . . . . . . . .	DWord	 00000025 _DATA	
MB_OK  . . . . . . . . . . . . .	Number	 00000000h   
STR1 . . . . . . . . . . . . . .	Byte	 00000000 _DATA	
STR2 . . . . . . . . . . . . . .	Byte	 00000018 _DATA	

	   0 Warnings
	   0 Errors
