Сборка начата 06.12.2024 12:58:16.
Уровень детализации журнала: Normal.     1>Проект "C:\Users\леха\Desktop\2 курс\3sem\лабы\аисд\lab9\lab9\lab9.vcxproj" в узле 2 (целевые объекты Build).
     1>PrepareForBuild:
         Структурированный вывод включен. Форматирование диагностики компилятора будет отражать иерархию ошибок. Подробнее см. https://aka.ms/cpp/structured-output.
       InitializeBuildStatus:
         Создание "Debug\lab9.tlog\unsuccessfulbuild", так как было задано "AlwaysCreate".
         Обращение к "Debug\lab9.tlog\unsuccessfulbuild".
       ClCompile:
         C:\Program Files\Microsoft Visual Studio\2022\Community\VC\Tools\MSVC\14.40.33807\bin\HostX86\x86\CL.exe /c /ZI /JMC /nologo /W3 /WX- /diagnostics:column /sdl /Od /Oy- /D WIN32 /D _DEBUG /D _CONSOLE /D _UNICODE /D UNICODE /Gm- /EHsc /RTC1 /MDd /GS /fp:precise /Zc:wchar_t /Zc:forScope /Zc:inline /permissive- /Fo"Debug\\" /Fd"Debug\vc143.pdb" /external:W3 /Gd /TP /analyze- /FC /errorReport:prompt lab9.cpp
         lab9.cpp
     1>C:\Users\леха\Desktop\2 курс\3sem\лабы\аисд\lab9\lab9\lab9.cpp(35,12): warning C4244: аргумент: преобразование "time_t" в "unsigned int", возможна потеря данных
     1>C:\Users\леха\Desktop\2 курс\3sem\лабы\аисд\lab9\lab9\lab9.cpp(52,20): warning C4018: <: несоответствие типов со знаком и без знака
     1>C:\Users\леха\Desktop\2 курс\3sem\лабы\аисд\lab9\lab9\lab9.cpp(78,20): warning C4018: <: несоответствие типов со знаком и без знака
     1>C:\Users\леха\Desktop\2 курс\3sem\лабы\аисд\lab9\lab9\lab9.cpp(90,12): warning C4244: аргумент: преобразование "time_t" в "unsigned int", возможна потеря данных
     1>C:\Users\леха\Desktop\2 курс\3sem\лабы\аисд\lab9\lab9\lab9.cpp(130,12): warning C4244: аргумент: преобразование "time_t" в "unsigned int", возможна потеря данных
     1>C:\Users\леха\Desktop\2 курс\3sem\лабы\аисд\lab9\lab9\lab9.cpp(146,12): warning C4244: аргумент: преобразование "time_t" в "unsigned int", возможна потеря данных
       Link:
         C:\Program Files\Microsoft Visual Studio\2022\Community\VC\Tools\MSVC\14.40.33807\bin\HostX86\x86\link.exe /ERRORREPORT:PROMPT /OUT:"C:\Users\леха\Desktop\2 курс\3sem\лабы\аисд\lab9\Debug\lab9.exe" /INCREMENTAL /ILK:"Debug\lab9.ilk" /NOLOGO kernel32.lib user32.lib gdi32.lib winspool.lib comdlg32.lib advapi32.lib shell32.lib ole32.lib oleaut32.lib uuid.lib odbc32.lib odbccp32.lib /MANIFEST /MANIFESTUAC:"level='asInvoker' uiAccess='false'" /manifest:embed /DEBUG /PDB:"C:\Users\леха\Desktop\2 курс\3sem\лабы\аисд\lab9\Debug\lab9.pdb" /SUBSYSTEM:CONSOLE /TLBID:1 /DYNAMICBASE /NXCOMPAT /IMPLIB:"C:\Users\леха\Desktop\2 курс\3sem\лабы\аисд\lab9\Debug\lab9.lib" /MACHINE:X86 Debug\lab9.obj
         lab9.vcxproj -> C:\Users\леха\Desktop\2 курс\3sem\лабы\аисд\lab9\Debug\lab9.exe
       FinalizeBuildStatus:
         Файл "Debug\lab9.tlog\unsuccessfulbuild" удаляется.
         Обращение к "Debug\lab9.tlog\lab9.lastbuildstate".
     1>Сборка проекта "C:\Users\леха\Desktop\2 курс\3sem\лабы\аисд\lab9\lab9\lab9.vcxproj" завершена (целевые объекты Build).

Сборка успешно завершена.

       "C:\Users\леха\Desktop\2 курс\3sem\лабы\аисд\lab9\lab9\lab9.vcxproj" (целевой объект Build ) (1) ->
       (Целевой объект ClCompile) -> 
         C:\Users\леха\Desktop\2 курс\3sem\лабы\аисд\lab9\lab9\lab9.cpp(35,12): warning C4244: аргумент: преобразование "time_t" в "unsigned int", возможна потеря данных
         C:\Users\леха\Desktop\2 курс\3sem\лабы\аисд\lab9\lab9\lab9.cpp(52,20): warning C4018: <: несоответствие типов со знаком и без знака
         C:\Users\леха\Desktop\2 курс\3sem\лабы\аисд\lab9\lab9\lab9.cpp(78,20): warning C4018: <: несоответствие типов со знаком и без знака
         C:\Users\леха\Desktop\2 курс\3sem\лабы\аисд\lab9\lab9\lab9.cpp(90,12): warning C4244: аргумент: преобразование "time_t" в "unsigned int", возможна потеря данных
         C:\Users\леха\Desktop\2 курс\3sem\лабы\аисд\lab9\lab9\lab9.cpp(130,12): warning C4244: аргумент: преобразование "time_t" в "unsigned int", возможна потеря данных
         C:\Users\леха\Desktop\2 курс\3sem\лабы\аисд\lab9\lab9\lab9.cpp(146,12): warning C4244: аргумент: преобразование "time_t" в "unsigned int", возможна потеря данных

    Предупреждений: 6
    Ошибок: 0

Прошло времени 00:00:02.02
