Сборка начата 25.10.2024 18:53:47.
Уровень детализации журнала: Normal.     1>Проект "C:\Users\леха\Desktop\3sem\лабы\aisd\lab5\lab5\lab5.vcxproj" в узле 2 (целевые объекты Build).
     1>PrepareForBuild:
         Структурированный вывод включен. Форматирование диагностики компилятора будет отражать иерархию ошибок. Подробнее см. https://aka.ms/cpp/structured-output.
       InitializeBuildStatus:
         Создание "Debug\lab5.tlog\unsuccessfulbuild", так как было задано "AlwaysCreate".
         Обращение к "Debug\lab5.tlog\unsuccessfulbuild".
       ClCompile:
         C:\Program Files\Microsoft Visual Studio\2022\Community\VC\Tools\MSVC\14.40.33807\bin\HostX86\x86\CL.exe /c /ZI /JMC /nologo /W3 /WX- /diagnostics:column /sdl /Od /Oy- /D WIN32 /D _DEBUG /D _CONSOLE /D _UNICODE /D UNICODE /Gm- /EHsc /RTC1 /MDd /GS /fp:precise /Zc:wchar_t /Zc:forScope /Zc:inline /permissive- /Fo"Debug\\" /Fd"Debug\vc143.pdb" /external:W3 /Gd /TP /analyze- /FC /errorReport:prompt lab5.cpp
         lab5.cpp
       Link:
         C:\Program Files\Microsoft Visual Studio\2022\Community\VC\Tools\MSVC\14.40.33807\bin\HostX86\x86\link.exe /ERRORREPORT:PROMPT /OUT:"C:\Users\леха\Desktop\3sem\лабы\aisd\lab5\Debug\lab5.exe" /INCREMENTAL /ILK:"Debug\lab5.ilk" /NOLOGO kernel32.lib user32.lib gdi32.lib winspool.lib comdlg32.lib advapi32.lib shell32.lib ole32.lib oleaut32.lib uuid.lib odbc32.lib odbccp32.lib /MANIFEST /MANIFESTUAC:"level='asInvoker' uiAccess='false'" /manifest:embed /DEBUG /PDB:"C:\Users\леха\Desktop\3sem\лабы\aisd\lab5\Debug\lab5.pdb" /SUBSYSTEM:CONSOLE /TLBID:1 /DYNAMICBASE /NXCOMPAT /IMPLIB:"C:\Users\леха\Desktop\3sem\лабы\aisd\lab5\Debug\lab5.lib" /MACHINE:X86 Debug\lab5.obj
         lab5.vcxproj -> C:\Users\леха\Desktop\3sem\лабы\aisd\lab5\Debug\lab5.exe
       FinalizeBuildStatus:
         Файл "Debug\lab5.tlog\unsuccessfulbuild" удаляется.
         Обращение к "Debug\lab5.tlog\lab5.lastbuildstate".
     1>Сборка проекта "C:\Users\леха\Desktop\3sem\лабы\aisd\lab5\lab5\lab5.vcxproj" завершена (целевые объекты Build).

Сборка успешно завершена.
    Предупреждений: 0
    Ошибок: 0

Прошло времени 00:00:02.45
