Сборка начата 27.12.2024 18:26:08.
Уровень детализации журнала: Normal.     1>Проект "C:\Users\леха\Desktop\2 курс\3sem\лабы\аисд\lab10\lab10\lab10.vcxproj" в узле 2 (целевые объекты Build).
     1>PrepareForBuild:
         Структурированный вывод включен. Форматирование диагностики компилятора будет отражать иерархию ошибок. Подробнее см. https://aka.ms/cpp/structured-output.
       InitializeBuildStatus:
         Создание "Debug\lab10.tlog\unsuccessfulbuild", так как было задано "AlwaysCreate".
         Обращение к "Debug\lab10.tlog\unsuccessfulbuild".
       ClCompile:
         C:\Program Files\Microsoft Visual Studio\2022\Community\VC\Tools\MSVC\14.40.33807\bin\HostX86\x86\CL.exe /c /ZI /JMC /nologo /W3 /WX- /diagnostics:column /sdl /Od /Oy- /D WIN32 /D _DEBUG /D _CONSOLE /D _UNICODE /D UNICODE /Gm- /EHsc /RTC1 /MDd /GS /fp:precise /Zc:wchar_t /Zc:forScope /Zc:inline /permissive- /Fo"Debug\\" /Fd"Debug\vc143.pdb" /external:W3 /Gd /TP /analyze- /FC /errorReport:prompt lab10.cpp
         lab10.cpp
     1>C:\Users\леха\Desktop\2 курс\3sem\лабы\аисд\lab10\lab10\lab10.cpp(28,23): warning C4018: <: несоответствие типов со знаком и без знака
     1>C:\Users\леха\Desktop\2 курс\3sem\лабы\аисд\lab10\lab10\lab10.cpp(30,27): warning C4018: <: несоответствие типов со знаком и без знака
     1>C:\Users\леха\Desktop\2 курс\3sem\лабы\аисд\lab10\lab10\lab10.cpp(38,15): warning C4244: аргумент: преобразование "time_t" в "unsigned int", возможна потеря данных
     1>C:\Users\леха\Desktop\2 курс\3sem\лабы\аисд\lab10\lab10\lab10.cpp(59,23): warning C4018: <: несоответствие типов со знаком и без знака
     1>C:\Users\леха\Desktop\2 курс\3sem\лабы\аисд\lab10\lab10\lab10.cpp(67,23): warning C4018: <: несоответствие типов со знаком и без знака
     1>C:\Users\леха\Desktop\2 курс\3sem\лабы\аисд\lab10\lab10\lab10.cpp(85,23): warning C4018: <: несоответствие типов со знаком и без знака
     1>C:\Users\леха\Desktop\2 курс\3sem\лабы\аисд\lab10\lab10\lab10.cpp(123,27): warning C4018: <: несоответствие типов со знаком и без знака
     1>C:\Users\леха\Desktop\2 курс\3sem\лабы\аисд\lab10\lab10\lab10.cpp(127,36): warning C4244: +=: преобразование "double" в "_Ty", возможна потеря данных
C:\Users\леха\Desktop\2 курс\3sem\лабы\аисд\lab10\lab10\lab10.cpp(127,36): warning C4244:         with
C:\Users\леха\Desktop\2 курс\3sem\лабы\аисд\lab10\lab10\lab10.cpp(127,36): warning C4244:         [
C:\Users\леха\Desktop\2 курс\3sem\лабы\аисд\lab10\lab10\lab10.cpp(127,36): warning C4244:             _Ty=int
C:\Users\леха\Desktop\2 курс\3sem\лабы\аисд\lab10\lab10\lab10.cpp(127,36): warning C4244:         ]
     1>C:\Users\леха\Desktop\2 курс\3sem\лабы\аисд\lab10\lab10\lab10.cpp(128,36): warning C4244: +=: преобразование "double" в "_Ty", возможна потеря данных
C:\Users\леха\Desktop\2 курс\3sem\лабы\аисд\lab10\lab10\lab10.cpp(128,36): warning C4244:         with
C:\Users\леха\Desktop\2 курс\3sem\лабы\аисд\lab10\lab10\lab10.cpp(128,36): warning C4244:         [
C:\Users\леха\Desktop\2 курс\3sem\лабы\аисд\lab10\lab10\lab10.cpp(128,36): warning C4244:             _Ty=int
C:\Users\леха\Desktop\2 курс\3sem\лабы\аисд\lab10\lab10\lab10.cpp(128,36): warning C4244:         ]
     1>C:\Users\леха\Desktop\2 курс\3sem\лабы\аисд\lab10\lab10\lab10.cpp(130,27): warning C4018: <: несоответствие типов со знаком и без знака
     1>C:\Users\леха\Desktop\2 курс\3sem\лабы\аисд\lab10\lab10\lab10.cpp(132,31): warning C4018: <: несоответствие типов со знаком и без знака
     1>C:\Users\леха\Desktop\2 курс\3sem\лабы\аисд\lab10\lab10\lab10.cpp(134,37): warning C4244: *=: преобразование "double" в "_Ty", возможна потеря данных
C:\Users\леха\Desktop\2 курс\3sem\лабы\аисд\lab10\lab10\lab10.cpp(134,37): warning C4244:         with
C:\Users\леха\Desktop\2 курс\3sem\лабы\аисд\lab10\lab10\lab10.cpp(134,37): warning C4244:         [
C:\Users\леха\Desktop\2 курс\3sem\лабы\аисд\lab10\lab10\lab10.cpp(134,37): warning C4244:             _Ty=int
C:\Users\леха\Desktop\2 курс\3sem\лабы\аисд\lab10\lab10\lab10.cpp(134,37): warning C4244:         ]
     1>C:\Users\леха\Desktop\2 курс\3sem\лабы\аисд\lab10\lab10\lab10.cpp(176,51): warning C4244: аргумент: преобразование "double" в "int", возможна потеря данных
     1>C:\Users\леха\Desktop\2 курс\3sem\лабы\аисд\lab10\lab10\lab10.cpp(179,56): warning C4244: аргумент: преобразование "double" в "int", возможна потеря данных
     1>C:\Users\леха\Desktop\2 курс\3sem\лабы\аисд\lab10\lab10\lab10.cpp(179,49): warning C4244: аргумент: преобразование "double" в "int", возможна потеря данных
       Link:
         C:\Program Files\Microsoft Visual Studio\2022\Community\VC\Tools\MSVC\14.40.33807\bin\HostX86\x86\link.exe /ERRORREPORT:PROMPT /OUT:"C:\Users\леха\Desktop\2 курс\3sem\лабы\аисд\lab10\Debug\lab10.exe" /INCREMENTAL /ILK:"Debug\lab10.ilk" /NOLOGO kernel32.lib user32.lib gdi32.lib winspool.lib comdlg32.lib advapi32.lib shell32.lib ole32.lib oleaut32.lib uuid.lib odbc32.lib odbccp32.lib /MANIFEST /MANIFESTUAC:"level='asInvoker' uiAccess='false'" /manifest:embed /DEBUG /PDB:"C:\Users\леха\Desktop\2 курс\3sem\лабы\аисд\lab10\Debug\lab10.pdb" /SUBSYSTEM:CONSOLE /TLBID:1 /DYNAMICBASE /NXCOMPAT /IMPLIB:"C:\Users\леха\Desktop\2 курс\3sem\лабы\аисд\lab10\Debug\lab10.lib" /MACHINE:X86 Debug\lab10.obj
         lab10.vcxproj -> C:\Users\леха\Desktop\2 курс\3sem\лабы\аисд\lab10\Debug\lab10.exe
       FinalizeBuildStatus:
         Файл "Debug\lab10.tlog\unsuccessfulbuild" удаляется.
         Обращение к "Debug\lab10.tlog\lab10.lastbuildstate".
     1>Сборка проекта "C:\Users\леха\Desktop\2 курс\3sem\лабы\аисд\lab10\lab10\lab10.vcxproj" завершена (целевые объекты Build).

Сборка успешно завершена.

       "C:\Users\леха\Desktop\2 курс\3sem\лабы\аисд\lab10\lab10\lab10.vcxproj" (целевой объект Build ) (1) ->
       (Целевой объект ClCompile) -> 
         C:\Users\леха\Desktop\2 курс\3sem\лабы\аисд\lab10\lab10\lab10.cpp(28,23): warning C4018: <: несоответствие типов со знаком и без знака
         C:\Users\леха\Desktop\2 курс\3sem\лабы\аисд\lab10\lab10\lab10.cpp(30,27): warning C4018: <: несоответствие типов со знаком и без знака
         C:\Users\леха\Desktop\2 курс\3sem\лабы\аисд\lab10\lab10\lab10.cpp(38,15): warning C4244: аргумент: преобразование "time_t" в "unsigned int", возможна потеря данных
         C:\Users\леха\Desktop\2 курс\3sem\лабы\аисд\lab10\lab10\lab10.cpp(59,23): warning C4018: <: несоответствие типов со знаком и без знака
         C:\Users\леха\Desktop\2 курс\3sem\лабы\аисд\lab10\lab10\lab10.cpp(67,23): warning C4018: <: несоответствие типов со знаком и без знака
         C:\Users\леха\Desktop\2 курс\3sem\лабы\аисд\lab10\lab10\lab10.cpp(85,23): warning C4018: <: несоответствие типов со знаком и без знака
         C:\Users\леха\Desktop\2 курс\3sem\лабы\аисд\lab10\lab10\lab10.cpp(123,27): warning C4018: <: несоответствие типов со знаком и без знака
         C:\Users\леха\Desktop\2 курс\3sem\лабы\аисд\lab10\lab10\lab10.cpp(127,36): warning C4244: +=: преобразование "double" в "_Ty", возможна потеря данных
       C:\Users\леха\Desktop\2 курс\3sem\лабы\аисд\lab10\lab10\lab10.cpp(127,36): warning C4244:         with
       C:\Users\леха\Desktop\2 курс\3sem\лабы\аисд\lab10\lab10\lab10.cpp(127,36): warning C4244:         [
       C:\Users\леха\Desktop\2 курс\3sem\лабы\аисд\lab10\lab10\lab10.cpp(127,36): warning C4244:             _Ty=int
       C:\Users\леха\Desktop\2 курс\3sem\лабы\аисд\lab10\lab10\lab10.cpp(127,36): warning C4244:         ]
         C:\Users\леха\Desktop\2 курс\3sem\лабы\аисд\lab10\lab10\lab10.cpp(128,36): warning C4244: +=: преобразование "double" в "_Ty", возможна потеря данных
       C:\Users\леха\Desktop\2 курс\3sem\лабы\аисд\lab10\lab10\lab10.cpp(128,36): warning C4244:         with
       C:\Users\леха\Desktop\2 курс\3sem\лабы\аисд\lab10\lab10\lab10.cpp(128,36): warning C4244:         [
       C:\Users\леха\Desktop\2 курс\3sem\лабы\аисд\lab10\lab10\lab10.cpp(128,36): warning C4244:             _Ty=int
       C:\Users\леха\Desktop\2 курс\3sem\лабы\аисд\lab10\lab10\lab10.cpp(128,36): warning C4244:         ]
         C:\Users\леха\Desktop\2 курс\3sem\лабы\аисд\lab10\lab10\lab10.cpp(130,27): warning C4018: <: несоответствие типов со знаком и без знака
         C:\Users\леха\Desktop\2 курс\3sem\лабы\аисд\lab10\lab10\lab10.cpp(132,31): warning C4018: <: несоответствие типов со знаком и без знака
         C:\Users\леха\Desktop\2 курс\3sem\лабы\аисд\lab10\lab10\lab10.cpp(134,37): warning C4244: *=: преобразование "double" в "_Ty", возможна потеря данных
       C:\Users\леха\Desktop\2 курс\3sem\лабы\аисд\lab10\lab10\lab10.cpp(134,37): warning C4244:         with
       C:\Users\леха\Desktop\2 курс\3sem\лабы\аисд\lab10\lab10\lab10.cpp(134,37): warning C4244:         [
       C:\Users\леха\Desktop\2 курс\3sem\лабы\аисд\lab10\lab10\lab10.cpp(134,37): warning C4244:             _Ty=int
       C:\Users\леха\Desktop\2 курс\3sem\лабы\аисд\lab10\lab10\lab10.cpp(134,37): warning C4244:         ]
         C:\Users\леха\Desktop\2 курс\3sem\лабы\аисд\lab10\lab10\lab10.cpp(176,51): warning C4244: аргумент: преобразование "double" в "int", возможна потеря данных
         C:\Users\леха\Desktop\2 курс\3sem\лабы\аисд\lab10\lab10\lab10.cpp(179,56): warning C4244: аргумент: преобразование "double" в "int", возможна потеря данных
         C:\Users\леха\Desktop\2 курс\3sem\лабы\аисд\lab10\lab10\lab10.cpp(179,49): warning C4244: аргумент: преобразование "double" в "int", возможна потеря данных

    Предупреждений: 15
    Ошибок: 0

Прошло времени 00:00:02.43
