Сборка начата 13.02.2025 22:53:08.
Уровень детализации журнала: Normal.     1>Проект "C:\Users\леха\Desktop\2 курс\4sem\лабы\матпрог\lab1\lab1\lab1.vcxproj" в узле 2 (целевые объекты Build).
     1>PrepareForBuild:
         Структурированный вывод включен. Форматирование диагностики компилятора будет отражать иерархию ошибок. Подробнее см. https://aka.ms/cpp/structured-output.
         Создание каталога "C:\Users\леха\Desktop\2 курс\4sem\лабы\матпрог\lab1\x64\Debug\".
         Создание каталога "x64\Debug\lab1.tlog\".
       InitializeBuildStatus:
         Создание "x64\Debug\lab1.tlog\unsuccessfulbuild", так как было задано "AlwaysCreate".
         Обращение к "x64\Debug\lab1.tlog\unsuccessfulbuild".
       ClCompile:
         C:\Program Files\Microsoft Visual Studio\2022\Community\VC\Tools\MSVC\14.40.33807\bin\HostX64\x64\CL.exe /c /ZI /JMC /nologo /W3 /WX- /diagnostics:column /sdl /Od /D _DEBUG /D _CONSOLE /D _UNICODE /D UNICODE /Gm- /EHsc /RTC1 /MDd /GS /fp:precise /Zc:wchar_t /Zc:forScope /Zc:inline /permissive- /Fo"x64\Debug\\" /Fd"x64\Debug\vc143.pdb" /external:W3 /Gd /TP /FC /errorReport:prompt auxil.cpp lab1.cpp
         auxil.cpp
         lab1.cpp
         Создание кода...
       Link:
         C:\Program Files\Microsoft Visual Studio\2022\Community\VC\Tools\MSVC\14.40.33807\bin\HostX64\x64\link.exe /ERRORREPORT:PROMPT /OUT:"C:\Users\леха\Desktop\2 курс\4sem\лабы\матпрог\lab1\x64\Debug\lab1.exe" /INCREMENTAL /ILK:"x64\Debug\lab1.ilk" /NOLOGO kernel32.lib user32.lib gdi32.lib winspool.lib comdlg32.lib advapi32.lib shell32.lib ole32.lib oleaut32.lib uuid.lib odbc32.lib odbccp32.lib /MANIFEST /MANIFESTUAC:"level='asInvoker' uiAccess='false'" /manifest:embed /DEBUG /PDB:"C:\Users\леха\Desktop\2 курс\4sem\лабы\матпрог\lab1\x64\Debug\lab1.pdb" /SUBSYSTEM:CONSOLE /TLBID:1 /DYNAMICBASE /NXCOMPAT /IMPLIB:"C:\Users\леха\Desktop\2 курс\4sem\лабы\матпрог\lab1\x64\Debug\lab1.lib" /MACHINE:X64 x64\Debug\auxil.obj
         x64\Debug\lab1.obj
     1>MSVCRTD.lib(exe_main.obj) : error LNK2019: ссылка на неразрешенный внешний символ main в функции "int __cdecl invoke_main(void)" (?invoke_main@@YAHXZ).
     1>C:\Users\леха\Desktop\2 курс\4sem\лабы\матпрог\lab1\x64\Debug\lab1.exe : fatal error LNK1120: неразрешенных внешних элементов: 1
     1>Сборка проекта "C:\Users\леха\Desktop\2 курс\4sem\лабы\матпрог\lab1\lab1\lab1.vcxproj" завершена (целевые объекты Build) с ошибкой.

Ошибка сборки.

       "C:\Users\леха\Desktop\2 курс\4sem\лабы\матпрог\lab1\lab1\lab1.vcxproj" (целевой объект Build ) (1) ->
       (Целевой объект Link) -> 
         MSVCRTD.lib(exe_main.obj) : error LNK2019: ссылка на неразрешенный внешний символ main в функции "int __cdecl invoke_main(void)" (?invoke_main@@YAHXZ).
         C:\Users\леха\Desktop\2 курс\4sem\лабы\матпрог\lab1\x64\Debug\lab1.exe : fatal error LNK1120: неразрешенных внешних элементов: 1

    Предупреждений: 0
    Ошибок: 2

Прошло времени 00:00:01.57
