Сборка начата 23.11.2024 10:09:02.
Уровень детализации журнала: Normal.     1>Проект "C:\Users\леха\Desktop\3sem\лабы\ksisi\lab5\lab5\lab5.vcxproj" в узле 2 (целевые объекты Build).
     1>PrepareForBuild:
         Структурированный вывод включен. Форматирование диагностики компилятора будет отражать иерархию ошибок. Подробнее см. https://aka.ms/cpp/structured-output.
       InitializeBuildStatus:
         Создание "Debug\lab5.tlog\unsuccessfulbuild", так как было задано "AlwaysCreate".
         Обращение к "Debug\lab5.tlog\unsuccessfulbuild".
       ClCompile:
         C:\Program Files\Microsoft Visual Studio\2022\Community\VC\Tools\MSVC\14.40.33807\bin\HostX86\x86\CL.exe /c /ZI /JMC /nologo /W3 /WX- /diagnostics:column /sdl /Od /Oy- /D WIN32 /D _DEBUG /D _CONSOLE /D _UNICODE /D UNICODE /Gm- /EHsc /RTC1 /MDd /GS /fp:precise /Zc:wchar_t /Zc:forScope /Zc:inline /permissive- /Fo"Debug\\" /Fd"Debug\vc143.pdb" /external:W3 /Gd /TP /analyze- /FC /errorReport:prompt lab5.cpp
         lab5.cpp
     1>C:\Users\леха\Desktop\3sem\лабы\ksisi\lab5\lab5\lab5.cpp(10,9): warning C4005: IP_DEST_NET_UNREACHABLE: изменение макроопределения
             C:\Program Files (x86)\Windows Kits\10\Include\10.0.22621.0\um\ipexport.h(173,9):
             см. предыдущее определение "IP_DEST_NET_UNREACHABLE"
         
     1>C:\Users\леха\Desktop\3sem\лабы\ksisi\lab5\lab5\lab5.cpp(11,9): warning C4005: IP_DEST_HOST_UNREACHABLE: изменение макроопределения
             C:\Program Files (x86)\Windows Kits\10\Include\10.0.22621.0\um\ipexport.h(174,9):
             см. предыдущее определение "IP_DEST_HOST_UNREACHABLE"
         
     1>C:\Users\леха\Desktop\3sem\лабы\ksisi\lab5\lab5\lab5.cpp(12,9): warning C4005: IP_DEST_PROT_UNREACHABLE: изменение макроопределения
             C:\Program Files (x86)\Windows Kits\10\Include\10.0.22621.0\um\ipexport.h(175,9):
             см. предыдущее определение "IP_DEST_PROT_UNREACHABLE"
         
     1>C:\Users\леха\Desktop\3sem\лабы\ksisi\lab5\lab5\lab5.cpp(13,9): warning C4005: IP_DEST_PORT_UNREACHABLE: изменение макроопределения
             C:\Program Files (x86)\Windows Kits\10\Include\10.0.22621.0\um\ipexport.h(176,9):
             см. предыдущее определение "IP_DEST_PORT_UNREACHABLE"
         
     1>C:\Users\леха\Desktop\3sem\лабы\ksisi\lab5\lab5\lab5.cpp(14,9): warning C4005: IP_REQ_TIMED_OUT: изменение макроопределения
             C:\Program Files (x86)\Windows Kits\10\Include\10.0.22621.0\um\ipexport.h(181,9):
             см. предыдущее определение "IP_REQ_TIMED_OUT"
         
     1>C:\Users\леха\Desktop\3sem\лабы\ksisi\lab5\lab5\lab5.cpp(15,9): warning C4005: IP_BAD_REQ: изменение макроопределения
             C:\Program Files (x86)\Windows Kits\10\Include\10.0.22621.0\um\ipexport.h(182,9):
             см. предыдущее определение "IP_BAD_REQ"
         
     1>C:\Users\леха\Desktop\3sem\лабы\ksisi\lab5\lab5\lab5.cpp(16,9): warning C4005: IP_BAD_ROUTE: изменение макроопределения
             C:\Program Files (x86)\Windows Kits\10\Include\10.0.22621.0\um\ipexport.h(183,9):
             см. предыдущее определение "IP_BAD_ROUTE"
         
     1>C:\Users\леха\Desktop\3sem\лабы\ksisi\lab5\lab5\lab5.cpp(17,9): warning C4005: IP_TTL_EXPIRED_TRANSIT: изменение макроопределения
             C:\Program Files (x86)\Windows Kits\10\Include\10.0.22621.0\um\ipexport.h(184,9):
             см. предыдущее определение "IP_TTL_EXPIRED_TRANSIT"
         
       Link:
         C:\Program Files\Microsoft Visual Studio\2022\Community\VC\Tools\MSVC\14.40.33807\bin\HostX86\x86\link.exe /ERRORREPORT:PROMPT /OUT:"C:\Users\леха\Desktop\3sem\лабы\ksisi\lab5\Debug\lab5.exe" /INCREMENTAL /ILK:"Debug\lab5.ilk" /NOLOGO kernel32.lib user32.lib gdi32.lib winspool.lib comdlg32.lib advapi32.lib shell32.lib ole32.lib oleaut32.lib uuid.lib odbc32.lib odbccp32.lib /MANIFEST /MANIFESTUAC:"level='asInvoker' uiAccess='false'" /manifest:embed /DEBUG /PDB:"C:\Users\леха\Desktop\3sem\лабы\ksisi\lab5\Debug\lab5.pdb" /SUBSYSTEM:CONSOLE /TLBID:1 /DYNAMICBASE /NXCOMPAT /IMPLIB:"C:\Users\леха\Desktop\3sem\лабы\ksisi\lab5\Debug\lab5.lib" /MACHINE:X86 Debug\lab5.obj
         lab5.vcxproj -> C:\Users\леха\Desktop\3sem\лабы\ksisi\lab5\Debug\lab5.exe
       FinalizeBuildStatus:
         Файл "Debug\lab5.tlog\unsuccessfulbuild" удаляется.
         Обращение к "Debug\lab5.tlog\lab5.lastbuildstate".
     1>Сборка проекта "C:\Users\леха\Desktop\3sem\лабы\ksisi\lab5\lab5\lab5.vcxproj" завершена (целевые объекты Build).

Сборка успешно завершена.

       "C:\Users\леха\Desktop\3sem\лабы\ksisi\lab5\lab5\lab5.vcxproj" (целевой объект Build ) (1) ->
       (Целевой объект ClCompile) -> 
         C:\Users\леха\Desktop\3sem\лабы\ksisi\lab5\lab5\lab5.cpp(10,9): warning C4005: IP_DEST_NET_UNREACHABLE: изменение макроопределения
         C:\Users\леха\Desktop\3sem\лабы\ksisi\lab5\lab5\lab5.cpp(11,9): warning C4005: IP_DEST_HOST_UNREACHABLE: изменение макроопределения
         C:\Users\леха\Desktop\3sem\лабы\ksisi\lab5\lab5\lab5.cpp(12,9): warning C4005: IP_DEST_PROT_UNREACHABLE: изменение макроопределения
         C:\Users\леха\Desktop\3sem\лабы\ksisi\lab5\lab5\lab5.cpp(13,9): warning C4005: IP_DEST_PORT_UNREACHABLE: изменение макроопределения
         C:\Users\леха\Desktop\3sem\лабы\ksisi\lab5\lab5\lab5.cpp(14,9): warning C4005: IP_REQ_TIMED_OUT: изменение макроопределения
         C:\Users\леха\Desktop\3sem\лабы\ksisi\lab5\lab5\lab5.cpp(15,9): warning C4005: IP_BAD_REQ: изменение макроопределения
         C:\Users\леха\Desktop\3sem\лабы\ksisi\lab5\lab5\lab5.cpp(16,9): warning C4005: IP_BAD_ROUTE: изменение макроопределения
         C:\Users\леха\Desktop\3sem\лабы\ksisi\lab5\lab5\lab5.cpp(17,9): warning C4005: IP_TTL_EXPIRED_TRANSIT: изменение макроопределения

    Предупреждений: 8
    Ошибок: 0

Прошло времени 00:00:01.92
