Сборка начата 20.11.2024 18:34:24.
Уровень детализации журнала: Normal.     1>Проект "C:\Users\леха\Desktop\3sem\лабы\kpo\asm1\1\1.vcxproj" в узле 2 (целевые объекты Build).
     1>PrepareForBuild:
         Структурированный вывод включен. Форматирование диагностики компилятора будет отражать иерархию ошибок. Подробнее см. https://aka.ms/cpp/structured-output.
       InitializeBuildStatus:
         Обращение к "Debug\1.tlog\unsuccessfulbuild".
       _MASM:
         Assembling main.asm...
         cmd.exe /C "C:\Users\леха\AppData\Local\Temp\tmpf122fa3f5f9045f495aee9daf539737b.cmd"
         ml.exe /c /nologo /Zi /Fo"Debug\main.obj" /Fl"Debug\\" /W3 /errorReport:prompt  /Tamain.asm
       Link:
         C:\Program Files\Microsoft Visual Studio\2022\Community\VC\Tools\MSVC\14.40.33807\bin\HostX86\x86\link.exe /ERRORREPORT:PROMPT /OUT:"C:\Users\леха\Desktop\3sem\лабы\kpo\asm1\Debug\1.exe" /INCREMENTAL /ILK:"Debug\1.ilk" /NOLOGO kernel32.lib user32.lib gdi32.lib winspool.lib comdlg32.lib advapi32.lib shell32.lib ole32.lib oleaut32.lib uuid.lib odbc32.lib odbccp32.lib /MANIFEST /MANIFESTUAC:"level='asInvoker' uiAccess='false'" /manifest:embed /DEBUG /PDB:"C:\Users\леха\Desktop\3sem\лабы\kpo\asm1\Debug\1.pdb" /SUBSYSTEM:CONSOLE /TLBID:1 /DYNAMICBASE /NXCOMPAT /IMPLIB:"C:\Users\леха\Desktop\3sem\лабы\kpo\asm1\Debug\1.lib" /MACHINE:X86 Debug\main.obj
         1.vcxproj -> C:\Users\леха\Desktop\3sem\лабы\kpo\asm1\Debug\1.exe
       FinalizeBuildStatus:
         Файл "Debug\1.tlog\unsuccessfulbuild" удаляется.
         Обращение к "Debug\1.tlog\1.lastbuildstate".
     1>Сборка проекта "C:\Users\леха\Desktop\3sem\лабы\kpo\asm1\1\1.vcxproj" завершена (целевые объекты Build).

Сборка успешно завершена.
    Предупреждений: 0
    Ошибок: 0

Прошло времени 00:00:00.98
