Сборка начата 27.11.2024 20:33:54.
Уровень детализации журнала: Normal.     1>Проект "C:\Users\леха\2sem\kpo\lab14\lab14\lab14.vcxproj" в узле 2 (целевые объекты Build).
     1>PrepareForBuild:
         Структурированный вывод включен. Форматирование диагностики компилятора будет отражать иерархию ошибок. Подробнее см. https://aka.ms/cpp/structured-output.
       InitializeBuildStatus:
         Создание "x64\Debug\lab14.tlog\unsuccessfulbuild", так как было задано "AlwaysCreate".
         Обращение к "x64\Debug\lab14.tlog\unsuccessfulbuild".
       ClCompile:
         C:\Program Files\Microsoft Visual Studio\2022\Community\VC\Tools\MSVC\14.40.33807\bin\HostX64\x64\CL.exe /c /ZI /JMC /nologo /W3 /WX- /diagnostics:column /sdl /Od /D _DEBUG /D _CONSOLE /D _UNICODE /D UNICODE /Gm- /EHsc /RTC1 /MDd /GS /fp:precise /Zc:wchar_t /Zc:forScope /Zc:inline /permissive- /Fo"x64\Debug\\" /Fd"x64\Debug\vc143.pdb" /external:W3 /Gd /TP /FC /errorReport:prompt Error.cpp GRB.cpp IT.cpp In.cpp Log.cpp Lt.cpp MFST.h Parm.cpp analysis.cpp main.cpp mfst.cpp out.cpp
         Error.cpp
         GRB.cpp
         IT.cpp
     1>C:\Users\леха\2sem\kpo\lab14\lab14\IT.cpp(76,32): warning C4267: =: преобразование из "size_t" в "unsigned char"; возможна потеря данных
     1>C:\Users\леха\2sem\kpo\lab14\lab14\IT.cpp(96,26): warning C4267: =: преобразование из "size_t" в "unsigned char"; возможна потеря данных
         In.cpp
         Log.cpp
         Lt.cpp
         MFST.h
         Parm.cpp
         analysis.cpp
         main.cpp
         mfst.cpp
     1>C:\Users\леха\2sem\kpo\lab14\lab14\mfst.cpp(253,66): warning C4267: =: преобразование из "size_t" в "short"; возможна потеря данных
         out.cpp
         Создание кода...
     1>C:\Users\леха\2sem\kpo\lab14\lab14\IT.cpp(159,1): warning C4715: IT::IdTable::GetEntry: значение возвращается не при всех путях выполнения
     1>C:\Users\леха\2sem\kpo\lab14\lab14\IT.cpp(177,1): warning C4172: возвращение адреса локальной или временной переменной : buff
       Link:
         C:\Program Files\Microsoft Visual Studio\2022\Community\VC\Tools\MSVC\14.40.33807\bin\HostX64\x64\link.exe /ERRORREPORT:PROMPT /OUT:"C:\Users\леха\2sem\kpo\lab14\x64\Debug\lab14.exe" /INCREMENTAL /ILK:"x64\Debug\lab14.ilk" /NOLOGO kernel32.lib user32.lib gdi32.lib winspool.lib comdlg32.lib advapi32.lib shell32.lib ole32.lib oleaut32.lib uuid.lib odbc32.lib odbccp32.lib /MANIFEST /MANIFESTUAC:"level='asInvoker' uiAccess='false'" /manifest:embed /DEBUG /PDB:"C:\Users\леха\2sem\kpo\lab14\x64\Debug\lab14.pdb" /SUBSYSTEM:CONSOLE /TLBID:1 /DYNAMICBASE /NXCOMPAT /IMPLIB:"C:\Users\леха\2sem\kpo\lab14\x64\Debug\lab14.lib" /MACHINE:X64 x64\Debug\fst.obj
         x64\Debug\analysis.obj
         x64\Debug\Error.obj
         x64\Debug\GRB.obj
         x64\Debug\In.obj
         x64\Debug\IT.obj
         x64\Debug\Log.obj
         x64\Debug\Lt.obj
         x64\Debug\main.obj
         x64\Debug\mfst.obj
         x64\Debug\MFST.obj
         x64\Debug\out.obj
         x64\Debug\Parm.obj
     1>x64\Debug\MFST.obj : warning LNK4042: объект указан более одного раза; лишние не учитываются
     1>main.obj : error LNK2019: ссылка на неразрешенный внешний символ "public: __cdecl MFST::Mfst::Mfst(struct Analysis::LEX,struct GRB::Greibach)" (??0Mfst@MFST@@QEAA@ULEX@Analysis@@UGreibach@GRB@@@Z) в функции wmain.
     1>main.obj : error LNK2019: ссылка на неразрешенный внешний символ "public: bool __cdecl MFST::Mfst::start(void)" (?start@Mfst@MFST@@QEAA_NXZ) в функции wmain.
     1>main.obj : error LNK2019: ссылка на неразрешенный внешний символ "public: void __cdecl MFST::Mfst::printrules(void)" (?printrules@Mfst@MFST@@QEAAXXZ) в функции wmain.
     1>main.obj : error LNK2019: ссылка на неразрешенный внешний символ "public: bool __cdecl MFST::Mfst::savededucation(void)" (?savededucation@Mfst@MFST@@QEAA_NXZ) в функции wmain.
     1>C:\Users\леха\2sem\kpo\lab14\x64\Debug\lab14.exe : fatal error LNK1120: неразрешенных внешних элементов: 4
     1>Сборка проекта "C:\Users\леха\2sem\kpo\lab14\lab14\lab14.vcxproj" завершена (целевые объекты Build) с ошибкой.

Ошибка сборки.

       "C:\Users\леха\2sem\kpo\lab14\lab14\lab14.vcxproj" (целевой объект Build ) (1) ->
       (Целевой объект ClCompile) -> 
         C:\Users\леха\2sem\kpo\lab14\lab14\IT.cpp(76,32): warning C4267: =: преобразование из "size_t" в "unsigned char"; возможна потеря данных
         C:\Users\леха\2sem\kpo\lab14\lab14\IT.cpp(96,26): warning C4267: =: преобразование из "size_t" в "unsigned char"; возможна потеря данных
         C:\Users\леха\2sem\kpo\lab14\lab14\mfst.cpp(253,66): warning C4267: =: преобразование из "size_t" в "short"; возможна потеря данных
         C:\Users\леха\2sem\kpo\lab14\lab14\IT.cpp(159,1): warning C4715: IT::IdTable::GetEntry: значение возвращается не при всех путях выполнения
         C:\Users\леха\2sem\kpo\lab14\lab14\IT.cpp(177,1): warning C4172: возвращение адреса локальной или временной переменной : buff


       "C:\Users\леха\2sem\kpo\lab14\lab14\lab14.vcxproj" (целевой объект Build ) (1) ->
       (Целевой объект Link) -> 
         x64\Debug\MFST.obj : warning LNK4042: объект указан более одного раза; лишние не учитываются


       "C:\Users\леха\2sem\kpo\lab14\lab14\lab14.vcxproj" (целевой объект Build ) (1) ->
       (Целевой объект Link) -> 
         main.obj : error LNK2019: ссылка на неразрешенный внешний символ "public: __cdecl MFST::Mfst::Mfst(struct Analysis::LEX,struct GRB::Greibach)" (??0Mfst@MFST@@QEAA@ULEX@Analysis@@UGreibach@GRB@@@Z) в функции wmain.
         main.obj : error LNK2019: ссылка на неразрешенный внешний символ "public: bool __cdecl MFST::Mfst::start(void)" (?start@Mfst@MFST@@QEAA_NXZ) в функции wmain.
         main.obj : error LNK2019: ссылка на неразрешенный внешний символ "public: void __cdecl MFST::Mfst::printrules(void)" (?printrules@Mfst@MFST@@QEAAXXZ) в функции wmain.
         main.obj : error LNK2019: ссылка на неразрешенный внешний символ "public: bool __cdecl MFST::Mfst::savededucation(void)" (?savededucation@Mfst@MFST@@QEAA_NXZ) в функции wmain.
         C:\Users\леха\2sem\kpo\lab14\x64\Debug\lab14.exe : fatal error LNK1120: неразрешенных внешних элементов: 4

    Предупреждений: 6
    Ошибок: 5

Прошло времени 00:00:11.71
