Сборка начата 13.12.2024 18:17:29.
Уровень детализации журнала: Normal.     1>Проект "C:\Users\леха\Desktop\2 курс\3sem\лабы\аисд\lab9\222\222.vcxproj" в узле 2 (целевые объекты Build).
     1>PrepareForBuild:
         Структурированный вывод включен. Форматирование диагностики компилятора будет отражать иерархию ошибок. Подробнее см. https://aka.ms/cpp/structured-output.
       InitializeBuildStatus:
         Обращение к "Debug\222.tlog\unsuccessfulbuild".
       ClCompile:
         C:\Program Files\Microsoft Visual Studio\2022\Community\VC\Tools\MSVC\14.40.33807\bin\HostX86\x86\CL.exe /c /ZI /JMC /nologo /W3 /WX- /diagnostics:column /sdl /Od /Oy- /D WIN32 /D _DEBUG /D _CONSOLE /D _UNICODE /D UNICODE /Gm- /EHsc /RTC1 /MDd /GS /fp:precise /Zc:wchar_t /Zc:forScope /Zc:inline /permissive- /Fo"Debug\\" /Fd"Debug\vc143.pdb" /external:W3 /Gd /TP /analyze- /FC /errorReport:prompt lab9test.cpp
         lab9test.cpp
     1>C:\Users\леха\Desktop\2 курс\3sem\лабы\аисд\lab9\222\lab9test.cpp(48,20): warning C4018: <: несоответствие типов со знаком и без знака
     1>C:\Users\леха\Desktop\2 курс\3sem\лабы\аисд\lab9\222\lab9test.cpp(89,20): warning C4018: <: несоответствие типов со знаком и без знака
       Link:
         C:\Program Files\Microsoft Visual Studio\2022\Community\VC\Tools\MSVC\14.40.33807\bin\HostX86\x86\link.exe /ERRORREPORT:PROMPT /OUT:"C:\Users\леха\Desktop\2 курс\3sem\лабы\аисд\lab9\Debug\222.exe" /INCREMENTAL /ILK:"Debug\222.ilk" /NOLOGO kernel32.lib user32.lib gdi32.lib winspool.lib comdlg32.lib advapi32.lib shell32.lib ole32.lib oleaut32.lib uuid.lib odbc32.lib odbccp32.lib /MANIFEST /MANIFESTUAC:"level='asInvoker' uiAccess='false'" /manifest:embed /DEBUG /PDB:"C:\Users\леха\Desktop\2 курс\3sem\лабы\аисд\lab9\Debug\222.pdb" /SUBSYSTEM:CONSOLE /TLBID:1 /DYNAMICBASE /NXCOMPAT /IMPLIB:"C:\Users\леха\Desktop\2 курс\3sem\лабы\аисд\lab9\Debug\222.lib" /MACHINE:X86 Debug\lab9test.obj
         222.vcxproj -> C:\Users\леха\Desktop\2 курс\3sem\лабы\аисд\lab9\Debug\222.exe
       FinalizeBuildStatus:
         Файл "Debug\222.tlog\unsuccessfulbuild" удаляется.
         Обращение к "Debug\222.tlog\222.lastbuildstate".
     1>Сборка проекта "C:\Users\леха\Desktop\2 курс\3sem\лабы\аисд\lab9\222\222.vcxproj" завершена (целевые объекты Build).

Сборка успешно завершена.

       "C:\Users\леха\Desktop\2 курс\3sem\лабы\аисд\lab9\222\222.vcxproj" (целевой объект Build ) (1) ->
       (Целевой объект ClCompile) -> 
         C:\Users\леха\Desktop\2 курс\3sem\лабы\аисд\lab9\222\lab9test.cpp(48,20): warning C4018: <: несоответствие типов со знаком и без знака
         C:\Users\леха\Desktop\2 курс\3sem\лабы\аисд\lab9\222\lab9test.cpp(89,20): warning C4018: <: несоответствие типов со знаком и без знака

    Предупреждений: 2
    Ошибок: 0

Прошло времени 00:00:02.21
