Сборка начата 27.02.2025 22:45:02.
Уровень детализации журнала: Normal.     1>Проект "C:\Users\леха\Desktop\2 курс\4sem\лабы\матпрог\lab2\task5_1\task5_1.vcxproj" в узле 2 (целевые объекты Build).
     1>PrepareForBuild:
         Структурированный вывод включен. Форматирование диагностики компилятора будет отражать иерархию ошибок. Подробнее см. https://aka.ms/cpp/structured-output.
         Создание каталога "Debug\task5_1.tlog\".
       InitializeBuildStatus:
         Создание "Debug\task5_1.tlog\unsuccessfulbuild", так как было задано "AlwaysCreate".
         Обращение к "Debug\task5_1.tlog\unsuccessfulbuild".
       ClCompile:
         C:\Program Files\Microsoft Visual Studio\2022\Community\VC\Tools\MSVC\14.40.33807\bin\HostX86\x86\CL.exe /c /ZI /JMC /nologo /W3 /WX- /diagnostics:column /sdl /Od /Oy- /D WIN32 /D _DEBUG /D _CONSOLE /D _UNICODE /D UNICODE /Gm- /EHsc /RTC1 /MDd /GS /fp:precise /Zc:wchar_t /Zc:forScope /Zc:inline /permissive- /Fo"Debug\\" /Fd"Debug\vc143.pdb" /external:W3 /Gd /TP /analyze- /FC /errorReport:prompt combi.cpp main5_1.cpp salesman.cpp
         combi.cpp
         main5_1.cpp
         salesman.cpp
         Создание кода...
     1>C:\Users\леха\Desktop\2 курс\4sem\лабы\матпрог\lab2\task5_1\salesman.cpp(40,11): warning C4244: инициализация: преобразование "__int64" в "int", возможна потеря данных
     1>C:\Users\леха\Desktop\2 курс\4sem\лабы\матпрог\lab2\task5_1\salesman.cpp(48,22): warning C4244: =: преобразование "__int64" в "int", возможна потеря данных
       Link:
         C:\Program Files\Microsoft Visual Studio\2022\Community\VC\Tools\MSVC\14.40.33807\bin\HostX86\x86\link.exe /ERRORREPORT:PROMPT /OUT:"C:\Users\леха\Desktop\2 курс\4sem\лабы\матпрог\lab2\Debug\task5_1.exe" /INCREMENTAL /ILK:"Debug\task5_1.ilk" /NOLOGO kernel32.lib user32.lib gdi32.lib winspool.lib comdlg32.lib advapi32.lib shell32.lib ole32.lib oleaut32.lib uuid.lib odbc32.lib odbccp32.lib /MANIFEST /MANIFESTUAC:"level='asInvoker' uiAccess='false'" /manifest:embed /DEBUG /PDB:"C:\Users\леха\Desktop\2 курс\4sem\лабы\матпрог\lab2\Debug\task5_1.pdb" /SUBSYSTEM:CONSOLE /TLBID:1 /DYNAMICBASE /NXCOMPAT /IMPLIB:"C:\Users\леха\Desktop\2 курс\4sem\лабы\матпрог\lab2\Debug\task5_1.lib" /MACHINE:X86 Debug\combi.obj
         Debug\main5_1.obj
         Debug\salesman.obj
         task5_1.vcxproj -> C:\Users\леха\Desktop\2 курс\4sem\лабы\матпрог\lab2\Debug\task5_1.exe
       FinalizeBuildStatus:
         Файл "Debug\task5_1.tlog\unsuccessfulbuild" удаляется.
         Обращение к "Debug\task5_1.tlog\task5_1.lastbuildstate".
     1>Сборка проекта "C:\Users\леха\Desktop\2 курс\4sem\лабы\матпрог\lab2\task5_1\task5_1.vcxproj" завершена (целевые объекты Build).

Сборка успешно завершена.

       "C:\Users\леха\Desktop\2 курс\4sem\лабы\матпрог\lab2\task5_1\task5_1.vcxproj" (целевой объект Build ) (1) ->
       (Целевой объект ClCompile) -> 
         C:\Users\леха\Desktop\2 курс\4sem\лабы\матпрог\lab2\task5_1\salesman.cpp(40,11): warning C4244: инициализация: преобразование "__int64" в "int", возможна потеря данных
         C:\Users\леха\Desktop\2 курс\4sem\лабы\матпрог\lab2\task5_1\salesman.cpp(48,22): warning C4244: =: преобразование "__int64" в "int", возможна потеря данных

    Предупреждений: 2
    Ошибок: 0

Прошло времени 00:00:02.76
