Сборка начата 20.03.2025 0:20:19.
Уровень детализации журнала: Normal.     1>Проект "C:\Users\леха\Desktop\2 курс\3sem\лабы\аисд\lab2\lab2\lab2.vcxproj" в узле 2 (целевые объекты Build).
     1>PrepareForBuild:
         Структурированный вывод включен. Форматирование диагностики компилятора будет отражать иерархию ошибок. Подробнее см. https://aka.ms/cpp/structured-output.
       InitializeBuildStatus:
         Создание "Debug\lab2.tlog\unsuccessfulbuild", так как было задано "AlwaysCreate".
         Обращение к "Debug\lab2.tlog\unsuccessfulbuild".
       ClCompile:
         C:\Program Files\Microsoft Visual Studio\2022\Community\VC\Tools\MSVC\14.40.33807\bin\HostX86\x86\CL.exe /c /ZI /JMC /nologo /W3 /WX- /diagnostics:column /sdl /Od /Oy- /D WIN32 /D _DEBUG /D _CONSOLE /D _UNICODE /D UNICODE /Gm- /EHsc /RTC1 /MDd /GS /fp:precise /Zc:wchar_t /Zc:forScope /Zc:inline /permissive- /Fo"Debug\\" /Fd"Debug\vc143.pdb" /external:W3 /Gd /TP /analyze- /FC /errorReport:prompt lab2.cpp
         lab2.cpp
     1>C:\Users\леха\Desktop\2 курс\3sem\лабы\аисд\lab2\lab2\lab2.cpp(47,41): warning C4805: ==: небезопасное смешение типа "int" и типа "bool" в операции
     1>C:\Users\леха\Desktop\2 курс\3sem\лабы\аисд\lab2\lab2\lab2.cpp(74,59): warning C4805: ==: небезопасное смешение типа "int" и типа "bool" в операции
       Link:
         C:\Program Files\Microsoft Visual Studio\2022\Community\VC\Tools\MSVC\14.40.33807\bin\HostX86\x86\link.exe /ERRORREPORT:PROMPT /OUT:"C:\Users\леха\Desktop\2 курс\3sem\лабы\аисд\lab2\Debug\lab2.exe" /INCREMENTAL /ILK:"Debug\lab2.ilk" /NOLOGO kernel32.lib user32.lib gdi32.lib winspool.lib comdlg32.lib advapi32.lib shell32.lib ole32.lib oleaut32.lib uuid.lib odbc32.lib odbccp32.lib /MANIFEST /MANIFESTUAC:"level='asInvoker' uiAccess='false'" /manifest:embed /DEBUG /PDB:"C:\Users\леха\Desktop\2 курс\3sem\лабы\аисд\lab2\Debug\lab2.pdb" /SUBSYSTEM:CONSOLE /TLBID:1 /DYNAMICBASE /NXCOMPAT /IMPLIB:"C:\Users\леха\Desktop\2 курс\3sem\лабы\аисд\lab2\Debug\lab2.lib" /MACHINE:X86 Debug\lab2.obj
         lab2.vcxproj -> C:\Users\леха\Desktop\2 курс\3sem\лабы\аисд\lab2\Debug\lab2.exe
       TlogCleanup:
         Следующие элементы будут удалены из tlogs, так как они были удалены из проекта или сборки: C:\Users\леха\Desktop\3sem\лабы\aisd\lab2\lab2\lab2.cpp.
       FinalizeBuildStatus:
         Файл "Debug\lab2.tlog\unsuccessfulbuild" удаляется.
         Обращение к "Debug\lab2.tlog\lab2.lastbuildstate".
     1>Сборка проекта "C:\Users\леха\Desktop\2 курс\3sem\лабы\аисд\lab2\lab2\lab2.vcxproj" завершена (целевые объекты Build).

Сборка успешно завершена.

       "C:\Users\леха\Desktop\2 курс\3sem\лабы\аисд\lab2\lab2\lab2.vcxproj" (целевой объект Build ) (1) ->
       (Целевой объект ClCompile) -> 
         C:\Users\леха\Desktop\2 курс\3sem\лабы\аисд\lab2\lab2\lab2.cpp(47,41): warning C4805: ==: небезопасное смешение типа "int" и типа "bool" в операции
         C:\Users\леха\Desktop\2 курс\3sem\лабы\аисд\lab2\lab2\lab2.cpp(74,59): warning C4805: ==: небезопасное смешение типа "int" и типа "bool" в операции

    Предупреждений: 2
    Ошибок: 0

Прошло времени 00:00:01.77
